<?xml version="1.0" encoding="UTF-8"?>
<!-- Generated by org.testng.reporters.JUnitReportReporter -->
<testsuite hostname="DESKTOP-03I9Q8G" failures="0" tests="1" name="testngpackage.filechosenpgm" time="0.712" errors="0" timestamp="2023-06-02T14:33:44 IST" skipped="0">
  <testcase classname="testngpackage.filechosenpgm" name="test" time="0.712"/>
  <system-out/>
</testsuite> <!-- testngpackage.filechosenpgm -->
