<?xml version="1.0" encoding="UTF-8"?>
<!-- Generated by org.testng.reporters.JUnitReportReporter -->
<testsuite hostname="DESKTOP-03I9Q8G" failures="0" tests="1" name="testngpackage.Softassertionpgm" time="0.035" errors="0" timestamp="2023-06-07T12:19:02 IST" skipped="0">
  <testcase classname="testngpackage.Softassertionpgm" name="test" time="0.035"/>
  <system-out/>
</testsuite> <!-- testngpackage.Softassertionpgm -->
