<?xml version="1.0" encoding="UTF-8"?>
<!-- Generated by org.testng.reporters.JUnitReportReporter -->
<testsuite hostname="DESKTOP-03I9Q8G" failures="0" tests="1" name="testngpackage.Fileuploadpgm" time="0.455" errors="0" timestamp="2023-06-05T21:21:28 IST" skipped="0">
  <testcase classname="testngpackage.Fileuploadpgm" name="test" time="0.455"/>
  <system-out/>
</testsuite> <!-- testngpackage.Fileuploadpgm -->
