<?xml version="1.0" encoding="UTF-8"?>
<!-- Generated by org.testng.reporters.JUnitReportReporter -->
<testsuite hostname="DESKTOP-03I9Q8G" failures="0" tests="1" name="testngpackage.Datadriventest" time="13.183" errors="0" timestamp="2023-06-06T00:01:16 IST" skipped="0">
  <testcase classname="testngpackage.Datadriventest" name="test" time="13.183"/>
  <system-out/>
</testsuite> <!-- testngpackage.Datadriventest -->
