<?xml version="1.0" encoding="UTF-8"?>
<!-- Generated by org.testng.reporters.JUnitReportReporter -->
<testsuite hostname="DESKTOP-03I9Q8G" failures="0" tests="1" name="testngpackage.EbayExplicit" time="9.249" errors="0" timestamp="2023-06-06T17:52:13 IST" skipped="0">
  <testcase classname="testngpackage.EbayExplicit" name="test1" time="9.249"/>
  <system-out/>
</testsuite> <!-- testngpackage.EbayExplicit -->
