<?xml version="1.0" encoding="UTF-8"?>
<!-- Generated by org.testng.reporters.JUnitReportReporter -->
<testsuite hostname="DESKTOP-03I9Q8G" failures="0" tests="2" name="testngpackage.Exercise" time="7.016" errors="0" timestamp="2023-05-26T14:33:01 IST" skipped="0">
  <testcase classname="testngpackage.Exercise" name="test1" time="4.732"/>
  <system-out/>
  <testcase classname="testngpackage.Exercise" name="test2" time="2.284"/>
  <system-out/>
</testsuite> <!-- testngpackage.Exercise -->
