<?xml version="1.0" encoding="UTF-8"?>
<!-- Generated by org.testng.reporters.JUnitReportReporter -->
<testsuite hostname="DESKTOP-03I9Q8G" failures="0" tests="3" name="testngpackage.TitleandTextverify" time="13.370" errors="0" timestamp="2023-06-05T12:39:12 IST" skipped="0">
  <testcase classname="testngpackage.TitleandTextverify" name="test3" time="8.372"/>
  <system-out/>
  <testcase classname="testngpackage.TitleandTextverify" name="test1" time="2.205"/>
  <system-out/>
  <testcase classname="testngpackage.TitleandTextverify" name="test2" time="2.793"/>
  <system-out/>
</testsuite> <!-- testngpackage.TitleandTextverify -->
