<?xml version="1.0" encoding="UTF-8"?>
<!-- Generated by org.testng.reporters.JUnitReportReporter -->
<testsuite hostname="DESKTOP-03I9Q8G" failures="0" tests="1" name="testngpackage.Fbparameterisation" time="4.697" errors="0" timestamp="2023-06-06T00:52:28 IST" skipped="0">
  <testcase classname="testngpackage.Fbparameterisation" name="test1" time="4.697"/>
  <system-out/>
</testsuite> <!-- testngpackage.Fbparameterisation -->
