<?xml version="1.0" encoding="UTF-8"?>
<!-- Generated by org.testng.reporters.JUnitReportReporter -->
<testsuite hostname="DESKTOP-03I9Q8G" failures="0" tests="1" name="testngpackage.EbayImplicit" time="8.465" errors="0" timestamp="2023-06-06T17:51:19 IST" skipped="0">
  <testcase classname="testngpackage.EbayImplicit" name="test1" time="8.465"/>
  <system-out/>
</testsuite> <!-- testngpackage.EbayImplicit -->
