<?xml version="1.0" encoding="UTF-8"?>
<!-- Generated by org.testng.reporters.JUnitReportReporter -->
<testsuite hostname="DESKTOP-03I9Q8G" failures="0" tests="2" name="testngpackage.Titleverify" time="14.342" errors="0" timestamp="2023-06-05T12:14:44 IST" skipped="0">
  <testcase classname="testngpackage.Titleverify" name="test1" time="3.397"/>
  <system-out/>
  <testcase classname="testngpackage.Titleverify" name="test2" time="10.945"/>
  <system-out/>
</testsuite> <!-- testngpackage.Titleverify -->
