<?xml version="1.0" encoding="UTF-8"?>
<!-- Generated by org.testng.reporters.JUnitReportReporter -->
<testsuite hostname="DESKTOP-03I9Q8G" failures="0" tests="1" name="testngpackage.Rediff" time="0.101" errors="0" timestamp="2023-06-06T00:19:38 IST" skipped="0">
  <testcase classname="testngpackage.Rediff" name="test" time="0.101"/>
  <system-out/>
</testsuite> <!-- testngpackage.Rediff -->
