<?xml version="1.0" encoding="UTF-8"?>
<!-- Generated by org.testng.reporters.JUnitReportReporter -->
<testsuite hostname="DESKTOP-03I9Q8G" failures="0" tests="1" name="testngpackage.Parameterisation" time="3.554" errors="0" timestamp="2023-06-05T20:31:18 IST" skipped="0">
  <testcase classname="testngpackage.Parameterisation" name="test1" time="3.554"/>
  <system-out/>
</testsuite> <!-- testngpackage.Parameterisation -->
