<?xml version="1.0" encoding="UTF-8"?>
<!-- Generated by org.testng.reporters.JUnitReportReporter -->
<testsuite hostname="DESKTOP-03I9Q8G" failures="0" tests="1" name="test.Fbcreatepagetest" time="3.525" errors="0" timestamp="2023-06-20T11:02:07 IST" skipped="0">
  <testcase classname="test.Fbcreatepagetest" name="fbtest" time="3.525"/>
  <system-out/>
</testsuite> <!-- test.Fbcreatepagetest -->
