<?xml version="1.0" encoding="UTF-8"?>
<!-- Generated by org.testng.reporters.JUnitReportReporter -->
<testsuite hostname="DESKTOP-03I9Q8G" failures="0" tests="3" name="testngpackage.TestngGrouping" time="0.027" errors="0" timestamp="2023-06-05T14:14:15 IST" skipped="0">
  <testcase classname="testngpackage.TestngGrouping" name="test2" time="0.003"/>
  <system-out/>
  <testcase classname="testngpackage.TestngGrouping" name="test4" time="0.003"/>
  <system-out/>
  <testcase classname="testngpackage.TestngGrouping" name="test1" time="0.021"/>
  <system-out/>
</testsuite> <!-- testngpackage.TestngGrouping -->
