<?xml version="1.0" encoding="UTF-8"?>
<!-- Generated by org.testng.reporters.JUnitReportReporter -->
<testsuite hostname="DESKTOP-03I9Q8G" failures="0" tests="1" name="testngpackage.Assertionpgm" time="0.024" errors="0" timestamp="2023-06-05T21:03:24 IST" skipped="0">
  <testcase classname="testngpackage.Assertionpgm" name="test" time="0.024"/>
  <system-out/>
</testsuite> <!-- testngpackage.Assertionpgm -->
