<?xml version="1.0" encoding="UTF-8"?>
<!-- Generated by org.testng.reporters.JUnitReportReporter -->
<testsuite hostname="DESKTOP-03I9Q8G" failures="0" tests="1" name="testngpackage.Fileuploadauto" time="12.963" errors="0" timestamp="2023-06-05T23:24:08 IST" skipped="0">
  <testcase classname="testngpackage.Fileuploadauto" name="main" time="12.963"/>
  <system-out/>
</testsuite> <!-- testngpackage.Fileuploadauto -->
