<?xml version="1.0" encoding="UTF-8"?>
<!-- Generated by org.testng.reporters.JUnitReportReporter -->
<testsuite hostname="DESKTOP-03I9Q8G" failures="0" tests="1" name="testngpackage.Fileuploadrobot" time="13.615" errors="0" timestamp="2023-06-05T21:22:32 IST" skipped="0">
  <testcase classname="testngpackage.Fileuploadrobot" name="fileupload" time="13.615"/>
  <system-out/>
</testsuite> <!-- testngpackage.Fileuploadrobot -->
