<?xml version="1.0" encoding="UTF-8"?>
<!-- Generated by org.testng.reporters.JUnitReportReporter -->
<testsuite hostname="DESKTOP-03I9Q8G" failures="0" tests="1" name="testngpackage.Doublerightclick" time="7.940" errors="0" timestamp="2023-06-05T14:31:17 IST" skipped="0">
  <testcase classname="testngpackage.Doublerightclick" name="test1" time="7.940"/>
  <system-out/>
</testsuite> <!-- testngpackage.Doublerightclick -->
