<?xml version="1.0" encoding="UTF-8"?>
<!-- Generated by org.testng.reporters.JUnitReportReporter -->
<testsuite hostname="DESKTOP-03I9Q8G" failures="0" tests="4" name="testngpackage.TestngDemo" time="11.072" errors="0" timestamp="2023-06-05T12:41:32 IST" skipped="1">
  <testcase classname="testngpackage.TestngDemo" name="test1" time="2.736"/>
  <system-out/>
  <testcase classname="testngpackage.TestngDemo" name="test1" time="1.881"/>
  <system-out/>
  <testcase classname="testngpackage.TestngDemo" name="test2" time="6.455"/>
  <system-out/>
  <testcase classname="testngpackage.TestngDemo" name="test3">
    <skipped/>
  </testcase> <!-- test3 -->
  <system-out/>
</testsuite> <!-- testngpackage.TestngDemo -->
