<?xml version="1.0" encoding="UTF-8"?>
<!-- Generated by org.testng.reporters.JUnitReportReporter -->
<testsuite hostname="DESKTOP-03I9Q8G" failures="0" tests="1" name="testngpackage.Buttontextverify" time="4.817" errors="0" timestamp="2023-06-05T20:40:57 IST" skipped="0">
  <testcase classname="testngpackage.Buttontextverify" name="test1" time="4.817"/>
  <system-out/>
</testsuite> <!-- testngpackage.Buttontextverify -->
