<?xml version="1.0" encoding="UTF-8"?>
<!-- Generated by org.testng.reporters.JUnitReportReporter -->
<testsuite hostname="DESKTOP-03I9Q8G" failures="0" tests="1" name="testngpackage.Copypaste" time="3.946" errors="0" timestamp="2023-06-05T14:25:03 IST" skipped="0">
  <testcase classname="testngpackage.Copypaste" name="test1" time="3.946"/>
  <system-out/>
</testsuite> <!-- testngpackage.Copypaste -->
