<?xml version="1.0" encoding="UTF-8"?>
<!-- Generated by org.testng.reporters.JUnitReportReporter -->
<testsuite hostname="DESKTOP-03I9Q8G" failures="0" tests="1" name="testngpackage.DragandDrop" time="27.758" errors="0" timestamp="2023-06-05T21:19:49 IST" skipped="0">
  <testcase classname="testngpackage.DragandDrop" name="test1" time="27.758"/>
  <system-out/>
</testsuite> <!-- testngpackage.DragandDrop -->
