<?xml version="1.0" encoding="UTF-8"?>
<!-- Generated by org.testng.reporters.JUnitReportReporter -->
<testsuite hostname="DESKTOP-03I9Q8G" failures="0" tests="1" name="testngpackage.Urlverify" time="22.015" errors="0" timestamp="2023-06-05T20:38:14 IST" skipped="0">
  <testcase classname="testngpackage.Urlverify" name="test1" time="22.015"/>
  <system-out/>
</testsuite> <!-- testngpackage.Urlverify -->
